<?xml version="1.0" encoding="UTF-8"?>
<!-- Generated by org.testng.reporters.JUnitReportReporter -->
<testsuite hostname="DESKTOP-JVQ8C2F" failures="0" tests="1" name="MVNPROJECT.MVNPROJE.NewTest9" time="10.302" errors="0" timestamp="2022-06-23T23:40:26 IST" skipped="0">
  <testcase classname="MVNPROJECT.MVNPROJE.NewTest9" name="m1" time="10.302"/>
  <system-out/>
</testsuite> <!-- MVNPROJECT.MVNPROJE.NewTest9 -->
