<?xml version="1.0" encoding="UTF-8"?>
<!-- Generated by org.testng.reporters.JUnitReportReporter -->
<testsuite hostname="DESKTOP-JVQ8C2F" failures="0" tests="3" name="MVNPROJECT.MVNPROJE.NewTest1" time="0.024" errors="0" timestamp="2022-06-22T01:42:11 GMT-07:00" skipped="1">
  <testcase classname="MVNPROJECT.MVNPROJE.NewTest1" name="method2" time="0.007"/>
  <system-out/>
  <testcase classname="MVNPROJECT.MVNPROJE.NewTest1" name="method1" time="0.017"/>
  <system-out/>
  <testcase classname="MVNPROJECT.MVNPROJE.NewTest1" name="method3">
    <skipped/>
  </testcase> <!-- method3 -->
  <system-out/>
</testsuite> <!-- MVNPROJECT.MVNPROJE.NewTest1 -->
