<?xml version="1.0" encoding="UTF-8"?>
<!-- Generated by org.testng.reporters.JUnitReportReporter -->
<testsuite hostname="DESKTOP-JVQ8C2F" failures="0" tests="3" name="MVNPROJECT.MVNPROJE.TestNew2" time="0.031" errors="0" timestamp="2022-06-22T01:49:12 GMT-07:00" skipped="0">
  <testcase classname="MVNPROJECT.MVNPROJE.TestNew2" name="b" time="0.013"/>
  <system-out/>
  <testcase classname="MVNPROJECT.MVNPROJE.TestNew2" name="c" time="0.006"/>
  <system-out/>
  <testcase classname="MVNPROJECT.MVNPROJE.TestNew2" name="a" time="0.012"/>
  <system-out/>
</testsuite> <!-- MVNPROJECT.MVNPROJE.TestNew2 -->
