<?xml version="1.0" encoding="UTF-8"?>
<!-- Generated by org.testng.reporters.JUnitReportReporter -->
<testsuite hostname="DESKTOP-JVQ8C2F" failures="0" tests="2" name="MVNPROJECT.MVNPROJE.Test2" time="0.021" errors="0" timestamp="2022-06-21T21:20:35 GMT-07:00" skipped="0">
  <testcase classname="MVNPROJECT.MVNPROJE.Test2" name="b" time="0.019"/>
  <system-out/>
  <testcase classname="MVNPROJECT.MVNPROJE.Test2" name="c" time="0.002"/>
  <system-out/>
</testsuite> <!-- MVNPROJECT.MVNPROJE.Test2 -->
