<?xml version="1.0" encoding="UTF-8"?>
<!-- Generated by org.testng.reporters.JUnitReportReporter -->
<testsuite hostname="DESKTOP-JVQ8C2F" failures="0" tests="3" name="MVNPROJECT.MVNPROJE.NewTest2" time="0.026" errors="0" timestamp="2022-06-21T12:37:11 GMT-07:00" skipped="0">
  <testcase classname="MVNPROJECT.MVNPROJE.NewTest2" name="b" time="0.012"/>
  <system-out/>
  <testcase classname="MVNPROJECT.MVNPROJE.NewTest2" name="c" time="0.005"/>
  <system-out/>
  <testcase classname="MVNPROJECT.MVNPROJE.NewTest2" name="a" time="0.009"/>
  <system-out/>
</testsuite> <!-- MVNPROJECT.MVNPROJE.NewTest2 -->
