<?xml version="1.0" encoding="UTF-8"?>
<!-- Generated by org.testng.reporters.JUnitReportReporter -->
<testsuite hostname="DESKTOP-JVQ8C2F" failures="0" tests="3" name="MVNPROJECT.MVNPROJE.NewTest3" time="0.023" errors="0" timestamp="2022-06-22T01:49:12 GMT-07:00" skipped="0">
  <testcase classname="MVNPROJECT.MVNPROJE.NewTest3" name="A" time="0.013"/>
  <system-out/>
  <testcase classname="MVNPROJECT.MVNPROJE.NewTest3" name="b" time="0.008"/>
  <system-out/>
  <testcase classname="MVNPROJECT.MVNPROJE.NewTest3" name="c" time="0.002"/>
  <system-out/>
</testsuite> <!-- MVNPROJECT.MVNPROJE.NewTest3 -->
