<?xml version="1.0" encoding="UTF-8"?>
<!-- Generated by org.testng.reporters.JUnitReportReporter -->
<testsuite hostname="DESKTOP-JVQ8C2F" failures="0" tests="1" name="MVNPROJECT.MVNPROJE.Test5" time="0.343" errors="0" timestamp="2022-06-22T01:34:02 GMT-07:00" skipped="0">
  <testcase classname="MVNPROJECT.MVNPROJE.Test5" name="abc" time="0.343"/>
  <system-out/>
</testsuite> <!-- MVNPROJECT.MVNPROJE.Test5 -->
