<?xml version="1.0" encoding="UTF-8"?>
<!-- Generated by org.testng.reporters.JUnitReportReporter -->
<testsuite hostname="DESKTOP-JVQ8C2F" failures="0" tests="1" name="MVNPROJECT.MVNPROJE.Test3" time="0.295" errors="0" timestamp="2022-06-21T21:44:57 GMT-07:00" skipped="0">
  <testcase classname="MVNPROJECT.MVNPROJE.Test3" name="abc" time="0.295"/>
  <system-out/>
</testsuite> <!-- MVNPROJECT.MVNPROJE.Test3 -->
