<?xml version="1.0" encoding="UTF-8"?>
<!-- Generated by org.testng.reporters.JUnitReportReporter -->
<testsuite hostname="DESKTOP-JVQ8C2F" failures="0" tests="2" name="NewTest6" time="5.420" errors="0" timestamp="2022-06-22T02:08:28 GMT-07:00" skipped="0">
  <testcase classname="NewTest6" name="f1" time="2.574"/>
  <system-out/>
  <testcase classname="NewTest6" name="f" time="2.846"/>
  <system-out/>
</testsuite> <!-- NewTest6 -->
