<?xml version="1.0" encoding="UTF-8"?>
<!-- Generated by org.testng.reporters.JUnitReportReporter -->
<testsuite hostname="DESKTOP-JVQ8C2F" failures="0" tests="1" name="MVNPROJECT.MVNPROJE.AppTest" time="0.017" errors="0" timestamp="2022-06-21T11:52:00 GMT-07:00" skipped="0">
  <testcase classname="MVNPROJECT.MVNPROJE.AppTest" name="shouldAnswerWithTrue" time="0.017"/>
  <system-out/>
</testsuite> <!-- MVNPROJECT.MVNPROJE.AppTest -->
